build/outputs/logs/manifest-merger-debug-report.txt
-- Merging decision tree log ---
manifest
ADDED from workspace\NfcSeal\AndroidManifest.xml:2:1-144:12
	package
		ADDED from workspace\NfcSeal\AndroidManifest.xml:3:5-48
	android:versionName
		ADDED from workspace\NfcSeal\AndroidManifest.xml:5:5-30
		INJECTED from workspace\NfcSeal\AndroidManifest.xml
		INJECTED from workspace\NfcSeal\AndroidManifest.xml
	android:versionCode
		ADDED from workspace\NfcSeal\AndroidManifest.xml:4:5-28
		INJECTED from workspace\NfcSeal\AndroidManifest.xml
		INJECTED from workspace\NfcSeal\AndroidManifest.xml
	xmlns:android
		ADDED from workspace\NfcSeal\AndroidManifest.xml:2:11-69
uses-sdk
ADDED from workspace\NfcSeal\AndroidManifest.xml:7:5-9:41
	android:targetSdkVersion
		ADDED from workspace\NfcSeal\AndroidManifest.xml:9:9-38
	android:minSdkVersion
		ADDED from workspace\NfcSeal\AndroidManifest.xml:8:9-35
uses-permission#android.permission.INTERNET
ADDED from workspace\NfcSeal\AndroidManifest.xml:11:5-67
	android:name
		ADDED from workspace\NfcSeal\AndroidManifest.xml:11:22-64
uses-permission#android.permission.WRITE_EXTERNAL_STORAGE
ADDED from workspace\NfcSeal\AndroidManifest.xml:12:5-81
	android:name
		ADDED from workspace\NfcSeal\AndroidManifest.xml:12:22-78
uses-permission#android.permission.ACCESS_COARSE_LOCATION
ADDED from workspace\NfcSeal\AndroidManifest.xml:13:5-81
	android:name
		ADDED from workspace\NfcSeal\AndroidManifest.xml:13:22-78
uses-permission#android.permission.ACCESS_NETWORK_STATE
ADDED from workspace\NfcSeal\AndroidManifest.xml:14:5-79
	android:name
		ADDED from workspace\NfcSeal\AndroidManifest.xml:14:22-76
uses-permission#android.permission.ACCESS_FINE_LOCATION
ADDED from workspace\NfcSeal\AndroidManifest.xml:15:5-79
	android:name
		ADDED from workspace\NfcSeal\AndroidManifest.xml:15:22-76
uses-permission#android.permission.READ_PHONE_STATE
ADDED from workspace\NfcSeal\AndroidManifest.xml:16:5-75
	android:name
		ADDED from workspace\NfcSeal\AndroidManifest.xml:16:22-72
uses-permission#android.permission.CHANGE_WIFI_STATE
ADDED from workspace\NfcSeal\AndroidManifest.xml:17:5-76
	android:name
		ADDED from workspace\NfcSeal\AndroidManifest.xml:17:22-73
uses-permission#android.permission.ACCESS_WIFI_STATE
ADDED from workspace\NfcSeal\AndroidManifest.xml:18:5-76
	android:name
		ADDED from workspace\NfcSeal\AndroidManifest.xml:18:22-73
uses-permission#android.permission.CHANGE_CONFIGURATION
ADDED from workspace\NfcSeal\AndroidManifest.xml:19:5-79
	android:name
		ADDED from workspace\NfcSeal\AndroidManifest.xml:19:22-76
uses-permission#android.permission.WAKE_LOCK
ADDED from workspace\NfcSeal\AndroidManifest.xml:20:5-68
	android:name
		ADDED from workspace\NfcSeal\AndroidManifest.xml:20:22-65
uses-permission#android.permission.WRITE_SETTINGS
ADDED from workspace\NfcSeal\AndroidManifest.xml:21:5-73
	android:name
		ADDED from workspace\NfcSeal\AndroidManifest.xml:21:22-70
uses-permission#android.permission.NFC
ADDED from workspace\NfcSeal\AndroidManifest.xml:23:5-62
	android:name
		ADDED from workspace\NfcSeal\AndroidManifest.xml:23:22-59
uses-permission#android.permission.CAMERA
ADDED from workspace\NfcSeal\AndroidManifest.xml:24:5-65
	android:name
		ADDED from workspace\NfcSeal\AndroidManifest.xml:24:22-62
uses-feature#android.hardware.nfc
ADDED from workspace\NfcSeal\AndroidManifest.xml:26:5-28:35
	android:required
		ADDED from workspace\NfcSeal\AndroidManifest.xml:28:9-32
	android:name
		ADDED from workspace\NfcSeal\AndroidManifest.xml:27:9-44
uses-feature#android.hardware.location.gps
ADDED from workspace\NfcSeal\AndroidManifest.xml:29:5-31:35
	android:required
		ADDED from workspace\NfcSeal\AndroidManifest.xml:31:9-32
	android:name
		ADDED from workspace\NfcSeal\AndroidManifest.xml:30:9-53
uses-feature#android.hardware.camera
ADDED from workspace\NfcSeal\AndroidManifest.xml:32:5-34:35
	android:required
		ADDED from workspace\NfcSeal\AndroidManifest.xml:34:9-32
	android:name
		ADDED from workspace\NfcSeal\AndroidManifest.xml:33:9-47
uses-feature#android.hardware.camera.autofocus
ADDED from workspace\NfcSeal\AndroidManifest.xml:36:5-70
	android:name
		ADDED from workspace\NfcSeal\AndroidManifest.xml:36:19-67
application
ADDED from workspace\NfcSeal\AndroidManifest.xml:38:5-142:19
	android:label
		ADDED from workspace\NfcSeal\AndroidManifest.xml:41:9-41
	android:allowBackup
		ADDED from workspace\NfcSeal\AndroidManifest.xml:39:9-35
	android:icon
		ADDED from workspace\NfcSeal\AndroidManifest.xml:40:9-45
	android:theme
		ADDED from workspace\NfcSeal\AndroidManifest.xml:42:9-40
meta-data#com.amap.api.v2.apikey
ADDED from workspace\NfcSeal\AndroidManifest.xml:44:9-109
	android:value
		ADDED from workspace\NfcSeal\AndroidManifest.xml:44:58-106
	android:name
		ADDED from workspace\NfcSeal\AndroidManifest.xml:44:20-57
activity#com.freight_track.android.nfcseal.MapOptionActivity
ADDED from workspace\NfcSeal\AndroidManifest.xml:46:9-50:20
	android:screenOrientation
		ADDED from workspace\NfcSeal\AndroidManifest.xml:49:13-49
	android:label
		ADDED from workspace\NfcSeal\AndroidManifest.xml:48:13-37
	android:name
		ADDED from workspace\NfcSeal\AndroidManifest.xml:47:13-46
activity#com.freight_track.android.nfcseal.MainActivity
ADDED from workspace\NfcSeal\AndroidManifest.xml:51:9-62:20
	android:screenOrientation
		ADDED from workspace\NfcSeal\AndroidManifest.xml:54:13-49
	android:label
		ADDED from workspace\NfcSeal\AndroidManifest.xml:53:13-45
	android:name
		ADDED from workspace\NfcSeal\AndroidManifest.xml:52:13-41
intent-filter#android.intent.action.MAIN+android.intent.category.LAUNCHER
ADDED from workspace\NfcSeal\AndroidManifest.xml:57:13-61:29
action#android.intent.action.MAIN
ADDED from workspace\NfcSeal\AndroidManifest.xml:58:17-69
	android:name
		ADDED from workspace\NfcSeal\AndroidManifest.xml:58:25-66
category#android.intent.category.LAUNCHER
ADDED from workspace\NfcSeal\AndroidManifest.xml:60:17-77
	android:name
		ADDED from workspace\NfcSeal\AndroidManifest.xml:60:27-74
activity#com.freight_track.android.nfcseal.LockActivity
ADDED from workspace\NfcSeal\AndroidManifest.xml:63:9-72:20
	android:screenOrientation
		ADDED from workspace\NfcSeal\AndroidManifest.xml:66:13-49
	android:label
		ADDED from workspace\NfcSeal\AndroidManifest.xml:65:13-45
	android:name
		ADDED from workspace\NfcSeal\AndroidManifest.xml:64:13-41
intent-filter#android.intent.category.DEFAULT+android.nfc.action.tag_discovered
ADDED from workspace\NfcSeal\AndroidManifest.xml:67:13-71:29
action#android.nfc.action.tag_discovered
ADDED from workspace\NfcSeal\AndroidManifest.xml:68:17-76
	android:name
		ADDED from workspace\NfcSeal\AndroidManifest.xml:68:25-73
category#android.intent.category.DEFAULT
ADDED from workspace\NfcSeal\AndroidManifest.xml:70:17-76
	android:name
		ADDED from workspace\NfcSeal\AndroidManifest.xml:70:27-73
activity#com.freight_track.android.nfcseal.UnlockActivity
ADDED from workspace\NfcSeal\AndroidManifest.xml:73:9-83:20
	android:screenOrientation
		ADDED from workspace\NfcSeal\AndroidManifest.xml:76:13-49
	android:label
		ADDED from workspace\NfcSeal\AndroidManifest.xml:75:13-45
	android:name
		ADDED from workspace\NfcSeal\AndroidManifest.xml:74:13-43
activity#com.freight_track.android.nfcseal.CameraActivity
ADDED from workspace\NfcSeal\AndroidManifest.xml:84:9-88:20
	android:screenOrientation
		ADDED from workspace\NfcSeal\AndroidManifest.xml:87:13-49
	android:label
		ADDED from workspace\NfcSeal\AndroidManifest.xml:86:13-45
	android:name
		ADDED from workspace\NfcSeal\AndroidManifest.xml:85:13-43
activity#com.freight_track.android.nfcseal.CarriageListActivity
ADDED from workspace\NfcSeal\AndroidManifest.xml:89:9-93:20
	android:screenOrientation
		ADDED from workspace\NfcSeal\AndroidManifest.xml:92:13-49
	android:label
		ADDED from workspace\NfcSeal\AndroidManifest.xml:91:13-45
	android:name
		ADDED from workspace\NfcSeal\AndroidManifest.xml:90:13-49
activity#com.freight_track.android.nfcseal.OperationListActivity
ADDED from workspace\NfcSeal\AndroidManifest.xml:94:9-98:20
	android:screenOrientation
		ADDED from workspace\NfcSeal\AndroidManifest.xml:97:13-49
	android:label
		ADDED from workspace\NfcSeal\AndroidManifest.xml:96:13-45
	android:name
		ADDED from workspace\NfcSeal\AndroidManifest.xml:95:13-50
activity#com.freight_track.android.nfcseal.SignInActivity
ADDED from workspace\NfcSeal\AndroidManifest.xml:99:9-108:20
	android:screenOrientation
		ADDED from workspace\NfcSeal\AndroidManifest.xml:102:13-49
	android:label
		ADDED from workspace\NfcSeal\AndroidManifest.xml:101:13-45
	android:name
		ADDED from workspace\NfcSeal\AndroidManifest.xml:100:13-43
activity#com.freight_track.android.nfcseal.webActivity
ADDED from workspace\NfcSeal\AndroidManifest.xml:109:9-113:20
	android:screenOrientation
		ADDED from workspace\NfcSeal\AndroidManifest.xml:112:13-49
	android:label
		ADDED from workspace\NfcSeal\AndroidManifest.xml:111:13-45
	android:name
		ADDED from workspace\NfcSeal\AndroidManifest.xml:110:13-40
activity#com.freight_track.android.nfcseal.RegisterActivity
ADDED from workspace\NfcSeal\AndroidManifest.xml:114:9-118:20
	android:screenOrientation
		ADDED from workspace\NfcSeal\AndroidManifest.xml:117:13-49
	android:label
		ADDED from workspace\NfcSeal\AndroidManifest.xml:116:13-45
	android:name
		ADDED from workspace\NfcSeal\AndroidManifest.xml:115:13-45
activity#com.freight_track.android.nfcseal.AboutMeActivity
ADDED from workspace\NfcSeal\AndroidManifest.xml:119:9-123:20
	android:screenOrientation
		ADDED from workspace\NfcSeal\AndroidManifest.xml:122:13-49
	android:label
		ADDED from workspace\NfcSeal\AndroidManifest.xml:121:13-45
	android:name
		ADDED from workspace\NfcSeal\AndroidManifest.xml:120:13-44
activity#com.freight_track.android.nfcseal.MoreActivity
ADDED from workspace\NfcSeal\AndroidManifest.xml:124:9-128:20
	android:screenOrientation
		ADDED from workspace\NfcSeal\AndroidManifest.xml:127:13-49
	android:label
		ADDED from workspace\NfcSeal\AndroidManifest.xml:126:13-45
	android:name
		ADDED from workspace\NfcSeal\AndroidManifest.xml:125:13-41
activity#com.freight_track.android.nfcseal.LocationDiagnosisActivity
ADDED from workspace\NfcSeal\AndroidManifest.xml:129:9-133:20
	android:screenOrientation
		ADDED from workspace\NfcSeal\AndroidManifest.xml:132:13-49
	android:label
		ADDED from workspace\NfcSeal\AndroidManifest.xml:131:13-45
	android:name
		ADDED from workspace\NfcSeal\AndroidManifest.xml:130:13-54
receiver#com.freight_track.android.nfcseal.LocationReceiver
ADDED from workspace\NfcSeal\AndroidManifest.xml:135:9-141:20
	android:exported
		ADDED from workspace\NfcSeal\AndroidManifest.xml:137:13-37
	android:name
		ADDED from workspace\NfcSeal\AndroidManifest.xml:136:13-45
intent-filter#com.freight_track.android.nfcseal.ACTION_LOCATION
ADDED from workspace\NfcSeal\AndroidManifest.xml:138:13-140:29
action#com.freight_track.android.nfcseal.ACTION_LOCATION
ADDED from workspace\NfcSeal\AndroidManifest.xml:139:17-92
	android:name
		ADDED from workspace\NfcSeal\AndroidManifest.xml:139:25-89